<?xml version="1.0" encoding="UTF-8"?>
<testsuite name="TestApplication" tests="1" skipped="0" failures="0" errors="0" timestamp="2022-10-29T08:14:47" hostname="Vickys-MacBook-Pro.local" time="0.008">
  <properties/>
  <testcase name="NormalTest()" classname="TestApplication" time="0.008"/>
  <system-out><![CDATA[White Knight Two taking off.....
releasing space ship
]]></system-out>
  <system-err><![CDATA[]]></system-err>
</testsuite>
