<?xml version="1.0" encoding="UTF-8"?>
<testsuite name="TestApplication" tests="10" skipped="0" failures="0" errors="0" timestamp="2022-10-29T17:05:10" hostname="Vickys-MacBook-Pro.local" time="0.015">
  <properties/>
  <testcase name="checkTakeOff()" classname="TestApplication" time="0.006"/>
  <testcase name="testIfSpaceShipAttached()" classname="TestApplication" time="0.0"/>
  <testcase name="testStillReEntering()" classname="TestApplication" time="0.0"/>
  <testcase name="testLandingOfSpaceShip()" classname="TestApplication" time="0.0"/>
  <testcase name="testBoostOnlyAfterRelease()" classname="TestApplication" time="0.001"/>
  <testcase name="testNoReEntryIfNoApogee()" classname="TestApplication" time="0.001"/>
  <testcase name="testNoGlideIfNoReEntry()" classname="TestApplication" time="0.001"/>
  <testcase name="testLandingOfWhiteKnight()" classname="TestApplication" time="0.0"/>
  <testcase name="testApogeeOnlyAfterBoost()" classname="TestApplication" time="0.001"/>
  <testcase name="checkRelease()" classname="TestApplication" time="0.001"/>
  <system-out><![CDATA[White Knight Two taking off.....
White Knight Two taking off.....
White Knight Two taking off.....
releasing space ship
White Knight Two taking off.....
releasing space ship
Space Ship two climbs vertically
spaces ship reaches space.... 
pilot experiences micro-gravity
the journey back home begins.....
space ship reentering earth's atmosphere.......
space ship two must first glide to the runway.....
the journey back home begins.....
space ship reentering earth's atmosphere.......
White Knight Two taking off.....
releasing space ship
Space Ship two climbs vertically
spaces ship reaches space.... 
pilot experiences micro-gravity
the journey back home begins.....
space ship reentering earth's atmosphere.......
booms lower
space ship two glides to the runway
space ship two glides to a landing
space ship two glides to a landing
White Knight Two taking off.....
White Knight Two taking off.....
releasing space ship
Space Ship two climbs vertically
Space Ship two climbs vertically
White Knight Two taking off.....
releasing space ship
Space Ship two climbs vertically
space ship should apogee first....
White Knight Two taking off.....
releasing space ship
Space Ship two climbs vertically
spaces ship reaches space.... 
pilot experiences micro-gravity
space ship should re enter first....
White Knight Two taking off.....
releasing space ship
white knight two landing....
white knight two landing....
White Knight Two taking off.....
White Knight Two taking off.....
releasing space ship
Space Ship two climbs vertically
spaces ship reaches space.... 
pilot experiences micro-gravity
spaces ship reaches space.... 
pilot experiences micro-gravity
White Knight Two taking off.....
releasing space ship
releasing space ship
]]></system-out>
  <system-err><![CDATA[]]></system-err>
</testsuite>
