<?xml version="1.0" encoding="UTF-8"?>
<testsuite name="TestApplication" tests="1" skipped="0" failures="0" errors="0" timestamp="2022-10-06T21:46:05" hostname="Vickys-MacBook-Pro.local" time="0.014">
  <properties/>
  <testcase name="NormalTest()" classname="TestApplication" time="0.014"/>
  <system-out><![CDATA[]]></system-out>
  <system-err><![CDATA[]]></system-err>
</testsuite>
